#
# There is insufficient memory for the Java Runtime Environment to continue.
# Native memory allocation (malloc) failed to allocate 1048576 bytes for AllocateHeap
# Possible reasons:
#   The system is out of physical RAM or swap space
#   The process is running with CompressedOops enabled, and the Java Heap may be blocking the growth of the native heap
# Possible solutions:
#   Reduce memory load on the system
#   Increase physical memory or swap space
#   Check if swap backing store is full
#   Decrease Java heap size (-Xmx/-Xms)
#   Decrease number of Java threads
#   Decrease Java thread stack sizes (-Xss)
#   Set larger code cache with -XX:ReservedCodeCacheSize=
#   JVM is running with Unscaled Compressed Oops mode in which the Java heap is
#     placed in the first 4GB address space. The Java Heap base address is the
#     maximum limit for the native heap growth. Please use -XX:HeapBaseMinAddress
#     to set the Java Heap base and to place the Java Heap above 4GB virtual address.
# This output file may be truncated or incomplete.
#
#  Out of Memory Error (memory/allocation.inline.hpp:61), pid=24416, tid=0x0000000000004b18
#
# JRE version:  (8.0_271-b09) (build )
# Java VM: Java HotSpot(TM) 64-Bit Server VM (25.271-b09 mixed mode windows-amd64 compressed oops)
# Failed to write core dump. Minidumps are not enabled by default on client versions of Windows
#

---------------  T H R E A D  ---------------

Current thread (0x00000277ddab3800):  JavaThread "Unknown thread" [_thread_in_vm, id=19224, stack(0x000000adca300000,0x000000adca400000)]

Stack: [0x000000adca300000,0x000000adca400000]
Native frames: (J=compiled Java code, j=interpreted, Vv=VM code, C=native code)
V  [jvm.dll+0x33f6c9]
V  [jvm.dll+0x286122]
V  [jvm.dll+0x286dcd]
V  [jvm.dll+0x27d805]
V  [jvm.dll+0x1565d]
V  [jvm.dll+0x3d98d8]
V  [jvm.dll+0x3da5ca]
V  [jvm.dll+0x3d6637]
V  [jvm.dll+0x10cfff]
V  [jvm.dll+0x21ab2b]
V  [jvm.dll+0x2494e7]
V  [jvm.dll+0x172a76]
C  [java.exe+0x2312]
C  [java.exe+0x15f54]
C  [KERNEL32.DLL+0x17c24]
C  [ntdll.dll+0x6d4d1]


---------------  P R O C E S S  ---------------

Java Threads: ( => current thread )

Other Threads:

=>0x00000277ddab3800 (exited) JavaThread "Unknown thread" [_thread_in_vm, id=19224, stack(0x000000adca300000,0x000000adca400000)]

VM state:not at safepoint (normal execution)

VM Mutex/Monitor currently owned by a thread: None

heap address: 0x0000000081c00000, size: 2020 MB, Compressed Oops mode: 32-bit
Narrow klass base: 0x0000000000000000, Narrow klass shift: 3
Compressed class space size: 1073741824 Address: 0x0000000100000000

Heap:
 PSYoungGen      total 38400K, used 665K [0x00000000d5f00000, 0x00000000d8980000, 0x0000000100000000)
  eden space 33280K, 2% used [0x00000000d5f00000,0x00000000d5fa6670,0x00000000d7f80000)
  from space 5120K, 0% used [0x00000000d8480000,0x00000000d8480000,0x00000000d8980000)
  to   space 5120K, 0% used [0x00000000d7f80000,0x00000000d7f80000,0x00000000d8480000)
 ParOldGen       total 87552K, used 0K [0x0000000081c00000, 0x0000000087180000, 0x00000000d5f00000)
  object space 87552K, 0% used [0x0000000081c00000,0x0000000081c00000,0x0000000087180000)
 Metaspace       used 776K, capacity 4480K, committed 4480K, reserved 1056768K
  class space    used 76K, capacity 384K, committed 384K, reserved 1048576K

Card table byte_map: [0x00000277ee860000,0x00000277eec60000] byte_map_base: 0x00000277ee452000

Marking Bits: (ParMarkBitMap*) 0x0000000065637fe0
 Begin Bits: [0x00000277eef10000, 0x00000277f0ea0000)
 End Bits:   [0x00000277f0ea0000, 0x00000277f2e30000)

Polling page: 0x00000277dd9e0000

CodeCache: size=245760Kb used=328Kb max_used=328Kb free=245431Kb
 bounds [0x00000277df4a0000, 0x00000277df710000, 0x00000277ee4a0000]
 total_blobs=58 nmethods=0 adapters=38
 compilation: enabled

Compilation events (0 events):
No events

GC Heap History (0 events):
No events

Deoptimization events (0 events):
No events

Classes redefined (0 events):
No events

Internal exceptions (0 events):
No events

Events (10 events):
Event: 0.044 loading class java/lang/Short
Event: 0.044 loading class java/lang/Short done
Event: 0.044 loading class java/lang/Integer
Event: 0.045 loading class java/lang/Integer done
Event: 0.045 loading class java/lang/Long
Event: 0.045 loading class java/lang/Long done
Event: 0.102 loading class java/lang/NullPointerException
Event: 0.103 loading class java/lang/NullPointerException done
Event: 0.103 loading class java/lang/ArithmeticException
Event: 0.103 loading class java/lang/ArithmeticException done


Dynamic libraries:
0x00007ff7e97a0000 - 0x00007ff7e97e7000 	C:\Program Files\Java\jdk1.8.0_271\bin\java.exe
0x00007ff9a0a20000 - 0x00007ff9a0c10000 	C:\WINDOWS\SYSTEM32\ntdll.dll
0x00007ff99f2a0000 - 0x00007ff99f352000 	C:\WINDOWS\System32\KERNEL32.DLL
0x00007ff99da70000 - 0x00007ff99dd15000 	C:\WINDOWS\System32\KERNELBASE.dll
0x00007ff9a01e0000 - 0x00007ff9a0283000 	C:\WINDOWS\System32\ADVAPI32.dll
0x00007ff9a0020000 - 0x00007ff9a00be000 	C:\WINDOWS\System32\msvcrt.dll
0x00007ff9a08d0000 - 0x00007ff9a0967000 	C:\WINDOWS\System32\sechost.dll
0x00007ff9a00c0000 - 0x00007ff9a01e0000 	C:\WINDOWS\System32\RPCRT4.dll
0x00007ff99fda0000 - 0x00007ff99ff34000 	C:\WINDOWS\System32\USER32.dll
0x00007ff99dec0000 - 0x00007ff99dee1000 	C:\WINDOWS\System32\win32u.dll
0x00007ff99fd10000 - 0x00007ff99fd36000 	C:\WINDOWS\System32\GDI32.dll
0x00007ff99dd20000 - 0x00007ff99deb6000 	C:\WINDOWS\System32\gdi32full.dll
0x00007ff99ea00000 - 0x00007ff99ea9e000 	C:\WINDOWS\System32\msvcp_win.dll
0x00007ff99df10000 - 0x00007ff99e00a000 	C:\WINDOWS\System32\ucrtbase.dll
0x00007ff98b4d0000 - 0x00007ff98b754000 	C:\WINDOWS\WinSxS\amd64_microsoft.windows.common-controls_6595b64144ccf1df_6.0.18362.1198_none_9e820b57e45ad92f\COMCTL32.dll
0x00007ff99f360000 - 0x00007ff99f695000 	C:\WINDOWS\System32\combase.dll
0x00007ff99d9a0000 - 0x00007ff99da20000 	C:\WINDOWS\System32\bcryptPrimitives.dll
0x00007ff9a0290000 - 0x00007ff9a02be000 	C:\WINDOWS\System32\IMM32.DLL
0x00007ff9971a0000 - 0x00007ff9971b5000 	C:\Program Files\Java\jdk1.8.0_271\jre\bin\vcruntime140.dll
0x00007ff9732c0000 - 0x00007ff97335b000 	C:\Program Files\Java\jdk1.8.0_271\jre\bin\msvcp140.dll
0x0000000064e40000 - 0x00000000656af000 	C:\Program Files\Java\jdk1.8.0_271\jre\bin\server\jvm.dll
0x00007ff99ffb0000 - 0x00007ff99ffb8000 	C:\WINDOWS\System32\PSAPI.DLL
0x00007ff98d080000 - 0x00007ff98d089000 	C:\WINDOWS\SYSTEM32\WSOCK32.dll
0x00007ff99ff40000 - 0x00007ff99ffaf000 	C:\WINDOWS\System32\WS2_32.dll
0x00007ff99b0d0000 - 0x00007ff99b0f4000 	C:\WINDOWS\SYSTEM32\WINMM.dll
0x00007ff98e0c0000 - 0x00007ff98e0ca000 	C:\WINDOWS\SYSTEM32\VERSION.dll
0x00007ff99b0a0000 - 0x00007ff99b0cd000 	C:\WINDOWS\SYSTEM32\WINMMBASE.dll
0x00007ff99da20000 - 0x00007ff99da6a000 	C:\WINDOWS\System32\cfgmgr32.dll
0x00007ff99d8e0000 - 0x00007ff99d8f1000 	C:\WINDOWS\System32\kernel.appcore.dll
0x00007ff9998d0000 - 0x00007ff9998e0000 	C:\Program Files\Java\jdk1.8.0_271\jre\bin\verify.dll
0x00007ff996870000 - 0x00007ff99689b000 	C:\Program Files\Java\jdk1.8.0_271\jre\bin\java.dll
0x00007ff997150000 - 0x00007ff997168000 	C:\Program Files\Java\jdk1.8.0_271\jre\bin\zip.dll
0x00007ff99c290000 - 0x00007ff99c484000 	C:\WINDOWS\SYSTEM32\dbghelp.dll

VM Arguments:
jvm_args: -Dfile.encoding=UTF-8 
java_command: projet.Main
java_class_path (initial): C:\Users\hp\Desktop\Driver\mysql-connector-java-5.1.5-bin.jar;C:\Users\hp\Desktop\java\Cabinet_medical\build\classes
Launcher Type: SUN_STANDARD

Environment Variables:
JAVA_HOME=C:\Program Files\Java\sapmachine-jdk-11.0.7
PATH=C:\Program Files (x86)\Common Files\Oracle\Java\javapath;C:\WINDOWS\system32;C:\WINDOWS;C:\WINDOWS\System32\Wbem;C:\WINDOWS\System32\WindowsPowerShell\v1.0\;C:\Program Files\Git\cmd;C:\oracle_odbc\instantclient_18_3;C:\Program Files\PuTTY;C:\WINDOWS\System32\OpenSSH\;C:\Program Files\nodejs\;C:\Program Files\JetBrains\IntelliJ IDEA Community Edition 2019.1.3\bin;C:\apache-maven-3.6.3\bin;C:\Users\hp\Desktop\PFE\jenkins\jenkins_home\workspace\booster_poc\hybris\bin\platform\apache-ant\bin;C:\Program Files\Java\sapmachine-jdk-11.0.7\bin;C:\Program Files\MySQL\MySQL Server 5.5\bin;C:\Users\hp\AppData\Local\Programs\Microsoft VS Code\bin;C:\Users\hp\AppData\Local\Microsoft\WindowsApps;C:\Users\hp\AppData\Roaming\npm;C:\Program Files\heroku\bin
USERNAME=hp
OS=Windows_NT
PROCESSOR_IDENTIFIER=Intel64 Family 6 Model 69 Stepping 1, GenuineIntel



---------------  S Y S T E M  ---------------

OS: Windows 10.0 , 64 bit Build 18362 (10.0.18362.1110)

CPU:total 4 (initial active 4) (2 cores per cpu, 2 threads per core) family 6 model 69 stepping 1, cmov, cx8, fxsr, mmx, sse, sse2, sse3, ssse3, sse4.1, sse4.2, popcnt, avx, avx2, aes, clmul, erms, lzcnt, ht, tsc, tscinvbit, bmi1, bmi2

Memory: 4k page, physical 8266860k(352272k free), swap 14026576k(5876k free)

vm_info: Java HotSpot(TM) 64-Bit Server VM (25.271-b09) for windows-amd64 JRE (1.8.0_271-b09), built on Sep 16 2020 19:14:59 by "" with MS VC++ 15.9 (VS2017)

time: Sat Dec 12 21:59:10 2020
timezone: Paris, Madrid
elapsed time: 0.156466 seconds (0d 0h 0m 0s)

